<?xml version="1.0" encoding="UTF-8"?>
<!-- Generated by org.testng.reporters.JUnitReportReporter -->
<testsuite hostname="INBook_X1" failures="1" tests="2" name="cucmberOptions.TestNGTestRunner" time="41.963" errors="0" timestamp="2024-04-14T17:16:54 IST" skipped="0">
  <testcase classname="cucmberOptions.TestNGTestRunner" name="runScenario" time="20.374">
    <failure message="expected [Tomato] but found [Potato]" type="java.lang.AssertionError">
      <![CDATA[java.lang.AssertionError: expected [Tomato] but found [Potato]
at org.testng.Assert.fail(Assert.java:111)
at org.testng.Assert.failNotEquals(Assert.java:1578)
at org.testng.Assert.assertEqualsImpl(Assert.java:150)
at org.testng.Assert.assertEquals(Assert.java:132)
at org.testng.Assert.assertEquals(Assert.java:656)
at org.testng.Assert.assertEquals(Assert.java:666)
at stepDefinitions.SecondpageStepDefinition.search_both_areEqual(SecondpageStepDefinition.java:67)
at âœ½.if product equal with both pages(file:///C:/Users/krant/kranthicucum/KMainProjectCucumber/KranthiCucumberFramwork/src/test/java/features/searchProduct.feature:9)
]]>
    </failure>
  </testcase> <!-- runScenario -->
  <testcase classname="cucmberOptions.TestNGTestRunner" name="runScenario" time="21.589"/>
</testsuite> <!-- cucmberOptions.TestNGTestRunner -->
