<?xml version="1.0" encoding="UTF-8"?>
<!-- Generated by org.testng.reporters.JUnitXMLReporter -->
<testsuite ignored="0" hostname="INBook_X1" failures="1" tests="2" name="Surefire test" time="23.826" errors="0" timestamp="2024-04-14T17:16:54 IST">
  <testcase classname="io.cucumber.testng.AbstractTestNGCucumberTests" name="runScenario" time="20.374">
    <failure type="java.lang.AssertionError" message="expected [Tomato] but found [Potato]">
      <![CDATA[java.lang.AssertionError: expected [Tomato] but found [Potato]
at stepDefinitions.SecondpageStepDefinition.search_both_areEqual(SecondpageStepDefinition.java:67)
at âœ½.if product equal with both pages(file:///C:/Users/krant/kranthicucum/KMainProjectCucumber/KranthiCucumberFramwork/src/test/java/features/searchProduct.feature:9)
... Removed 6 stack frames]]>
    </failure>
  </testcase> <!-- runScenario -->
  <testcase classname="io.cucumber.testng.AbstractTestNGCucumberTests" name="runScenario" time="21.589"/>
</testsuite> <!-- Surefire test -->
