<?xml version="1.0" encoding="UTF-8"?>
<!-- Generated by org.testng.reporters.JUnitXMLReporter -->
<testsuite ignored="0" hostname="INBook_X1" failures="1" tests="1" name="Default test" time="17.032" errors="0" timestamp="2024-04-10T22:57:45 IST">
  <testcase classname="io.cucumber.testng.AbstractTestNGCucumberTests" name="runScenario" time="15.742">
    <failure type="java.lang.AssertionError" message="expected [Tomato] but found [Potato]">
      <![CDATA[java.lang.AssertionError: expected [Tomato] but found [Potato]
at org.testng.Assert.fail(Assert.java:111)
at org.testng.Assert.failNotEquals(Assert.java:1578)
at org.testng.Assert.assertEqualsImpl(Assert.java:150)
at org.testng.Assert.assertEquals(Assert.java:132)
at org.testng.Assert.assertEquals(Assert.java:656)
at org.testng.Assert.assertEquals(Assert.java:666)
at stepDefinitions.SecondpageStepDefinition.search_both_areEqual(SecondpageStepDefinition.java:67)
at âœ½.if product equal with both pages(file:///C:/Users/krant/kranthicucum/KMainProjectCucumber/KranthiCucumberFramwork/src/test/java/features/searchProduct.feature:9)
]]>
    </failure>
  </testcase> <!-- runScenario -->
</testsuite> <!-- Default test -->
